This is pdfTeXk, Version 3.141592-1.40.3 (Web2C 7.5.6) (format=latex 2008.10.7)  3 JAN 2009 12:09
entering extended mode
 %&-line parsing enabled.
**refman.tex
(./refman.tex
LaTeX2e <2005/12/01>
Babel <v3.8h> and hyphenation patterns for english, usenglishmax, dumylang, noh
yphenation, basque, french, loaded.
(/usr/share/texmf-texlive/tex/latex/base/book.cls
Document Class: book 2005/09/16 v1.4f Standard LaTeX document class
(/usr/share/texmf-texlive/tex/latex/base/bk10.clo
File: bk10.clo 2005/09/16 v1.4f Standard LaTeX file (size option)
)
\c@part=\count79
\c@chapter=\count80
\c@section=\count81
\c@subsection=\count82
\c@subsubsection=\count83
\c@paragraph=\count84
\c@subparagraph=\count85
\c@figure=\count86
\c@table=\count87
\abovecaptionskip=\skip41
\belowcaptionskip=\skip42
\bibindent=\dimen102
)
(/usr/share/texmf-texlive/tex/latex/ltxmisc/a4wide.sty
Package: a4wide 1994/08/30

(/usr/share/texmf-texlive/tex/latex/ntgclass/a4.sty
Package: a4 2004/04/15 v1.2g A4 based page layout
))
(/usr/share/texmf-texlive/tex/latex/base/makeidx.sty
Package: makeidx 2000/03/29 v1.0m Standard LaTeX package
)
(/usr/share/texmf-texlive/tex/latex/fancyhdr/fancyhdr.sty
\fancy@headwidth=\skip43
\f@ncyO@elh=\skip44
\f@ncyO@erh=\skip45
\f@ncyO@olh=\skip46
\f@ncyO@orh=\skip47
\f@ncyO@elf=\skip48
\f@ncyO@erf=\skip49
\f@ncyO@olf=\skip50
\f@ncyO@orf=\skip51
)
(/usr/share/texmf-texlive/tex/latex/graphics/graphicx.sty
Package: graphicx 1999/02/16 v1.0f Enhanced LaTeX Graphics (DPC,SPQR)

(/usr/share/texmf-texlive/tex/latex/graphics/keyval.sty
Package: keyval 1999/03/16 v1.13 key=value parser (DPC)
\KV@toks@=\toks14
)
(/usr/share/texmf-texlive/tex/latex/graphics/graphics.sty
Package: graphics 2006/02/20 v1.0o Standard LaTeX Graphics (DPC,SPQR)

(/usr/share/texmf-texlive/tex/latex/graphics/trig.sty
Package: trig 1999/03/16 v1.09 sin cos tan (DPC)
)
(/etc/texmf/tex/latex/config/graphics.cfg
File: graphics.cfg 2007/01/18 v1.5 graphics configuration of teTeX/TeXLive
)
Package graphics Info: Driver file: dvips.def on input line 90.

(/usr/share/texmf-texlive/tex/latex/graphics/dvips.def
File: dvips.def 1999/02/16 v3.0i Driver-dependant file (DPC,SPQR)
))
\Gin@req@height=\dimen103
\Gin@req@width=\dimen104
)
(/usr/share/texmf-texlive/tex/latex/tools/multicol.sty
Package: multicol 2006/05/18 v1.6g multicolumn formatting (FMi)
\c@tracingmulticols=\count88
\mult@box=\box26
\multicol@leftmargin=\dimen105
\c@unbalance=\count89
\c@collectmore=\count90
\doublecol@number=\count91
\multicoltolerance=\count92
\multicolpretolerance=\count93
\full@width=\dimen106
\page@free=\dimen107
\premulticols=\dimen108
\postmulticols=\dimen109
\multicolsep=\skip52
\multicolbaselineskip=\skip53
\partial@page=\box27
\last@line=\box28
\mult@rightbox=\box29
\mult@grightbox=\box30
\mult@gfirstbox=\box31
\mult@firstbox=\box32
\@tempa=\box33
\@tempa=\box34
\@tempa=\box35
\@tempa=\box36
\@tempa=\box37
\@tempa=\box38
\@tempa=\box39
\@tempa=\box40
\@tempa=\box41
\@tempa=\box42
\@tempa=\box43
\@tempa=\box44
\@tempa=\box45
\@tempa=\box46
\@tempa=\box47
\@tempa=\box48
\@tempa=\box49
\c@columnbadness=\count94
\c@finalcolumnbadness=\count95
\last@try=\dimen110
\multicolovershoot=\dimen111
\multicolundershoot=\dimen112
\mult@nat@firstbox=\box50
\colbreak@box=\box51
)
(/usr/share/texmf-texlive/tex/latex/float/float.sty
Package: float 2001/11/08 v1.3d Float enhancements (AL)
\c@float@type=\count96
\float@exts=\toks15
\float@box=\box52
\@float@everytoks=\toks16
\@floatcapt=\box53
)
(/usr/share/texmf-texlive/tex/latex/base/textcomp.sty
Package: textcomp 2005/09/27 v1.99g Standard LaTeX package
Package textcomp Info: Sub-encoding information:
(textcomp)               5 = only ISO-Adobe without \textcurrency
(textcomp)               4 = 5 + \texteuro
(textcomp)               3 = 4 + \textohm
(textcomp)               2 = 3 + \textestimated + \textcurrency
(textcomp)               1 = TS1 - \textcircled - \t
(textcomp)               0 = TS1 (full)
(textcomp)             Font families with sub-encoding setting implement
(textcomp)             only a restricted character set as indicated.
(textcomp)             Family '?' is the default used for unknown fonts.
(textcomp)             See the documentation for details.
Package textcomp Info: Setting ? sub-encoding to TS1/1 on input line 71.

(/usr/share/texmf-texlive/tex/latex/base/ts1enc.def
File: ts1enc.def 2001/06/05 v3.0e (jk/car/fm) Standard LaTeX file
)
LaTeX Info: Redefining \oldstylenums on input line 266.
Package textcomp Info: Setting cmr sub-encoding to TS1/0 on input line 281.
Package textcomp Info: Setting cmss sub-encoding to TS1/0 on input line 282.
Package textcomp Info: Setting cmtt sub-encoding to TS1/0 on input line 283.
Package textcomp Info: Setting cmvtt sub-encoding to TS1/0 on input line 284.
Package textcomp Info: Setting cmbr sub-encoding to TS1/0 on input line 285.
Package textcomp Info: Setting cmtl sub-encoding to TS1/0 on input line 286.
Package textcomp Info: Setting ccr sub-encoding to TS1/0 on input line 287.
Package textcomp Info: Setting ptm sub-encoding to TS1/4 on input line 288.
Package textcomp Info: Setting pcr sub-encoding to TS1/4 on input line 289.
Package textcomp Info: Setting phv sub-encoding to TS1/4 on input line 290.
Package textcomp Info: Setting ppl sub-encoding to TS1/3 on input line 291.
Package textcomp Info: Setting pag sub-encoding to TS1/4 on input line 292.
Package textcomp Info: Setting pbk sub-encoding to TS1/4 on input line 293.
Package textcomp Info: Setting pnc sub-encoding to TS1/4 on input line 294.
Package textcomp Info: Setting pzc sub-encoding to TS1/4 on input line 295.
Package textcomp Info: Setting bch sub-encoding to TS1/4 on input line 296.
Package textcomp Info: Setting put sub-encoding to TS1/5 on input line 297.
Package textcomp Info: Setting uag sub-encoding to TS1/5 on input line 298.
Package textcomp Info: Setting ugq sub-encoding to TS1/5 on input line 299.
Package textcomp Info: Setting ul8 sub-encoding to TS1/4 on input line 300.
Package textcomp Info: Setting ul9 sub-encoding to TS1/4 on input line 301.
Package textcomp Info: Setting augie sub-encoding to TS1/5 on input line 302.
Package textcomp Info: Setting dayrom sub-encoding to TS1/3 on input line 303.
Package textcomp Info: Setting dayroms sub-encoding to TS1/3 on input line 304.

Package textcomp Info: Setting pxr sub-encoding to TS1/0 on input line 305.
Package textcomp Info: Setting pxss sub-encoding to TS1/0 on input line 306.
Package textcomp Info: Setting pxtt sub-encoding to TS1/0 on input line 307.
Package textcomp Info: Setting txr sub-encoding to TS1/0 on input line 308.
Package textcomp Info: Setting txss sub-encoding to TS1/0 on input line 309.
Package textcomp Info: Setting txtt sub-encoding to TS1/0 on input line 310.
Package textcomp Info: Setting futs sub-encoding to TS1/4 on input line 311.
Package textcomp Info: Setting futx sub-encoding to TS1/4 on input line 312.
Package textcomp Info: Setting futj sub-encoding to TS1/4 on input line 313.
Package textcomp Info: Setting hlh sub-encoding to TS1/3 on input line 314.
Package textcomp Info: Setting hls sub-encoding to TS1/3 on input line 315.
Package textcomp Info: Setting hlst sub-encoding to TS1/3 on input line 316.
Package textcomp Info: Setting hlct sub-encoding to TS1/5 on input line 317.
Package textcomp Info: Setting hlx sub-encoding to TS1/5 on input line 318.
Package textcomp Info: Setting hlce sub-encoding to TS1/5 on input line 319.
Package textcomp Info: Setting hlcn sub-encoding to TS1/5 on input line 320.
Package textcomp Info: Setting hlcw sub-encoding to TS1/5 on input line 321.
Package textcomp Info: Setting hlcf sub-encoding to TS1/5 on input line 322.
Package textcomp Info: Setting pplx sub-encoding to TS1/3 on input line 323.
Package textcomp Info: Setting pplj sub-encoding to TS1/3 on input line 324.
Package textcomp Info: Setting ptmx sub-encoding to TS1/4 on input line 325.
Package textcomp Info: Setting ptmj sub-encoding to TS1/4 on input line 326.
)
(/usr/share/texmf-texlive/tex/latex/base/alltt.sty
Package: alltt 1997/06/16 v2.0g defines alltt environment
)
(/usr/share/texmf-texlive/tex/latex/base/inputenc.sty
Package: inputenc 2006/05/05 v1.1b Input encoding file
\inpenc@prehook=\toks17
\inpenc@posthook=\toks18

(/usr/share/texmf-texlive/tex/latex/base/utf8.def
File: utf8.def 2006/03/30 v1.1i UTF-8 support for inputenc
Now handling font encoding OML ...
... no UTF-8 mapping file for font encoding OML
Now handling font encoding T1 ...
... processing UTF-8 mapping file for font encodingT1

(/usr/share/texmf-texlive/tex/latex/base/t1enc.dfu
File: t1enc.dfu 2006/03/30 v1.1i UTF-8 support for inputenc
   defining Unicode char U+00A1 (decimal 161)
   defining Unicode char U+00A3 (decimal 163)
   defining Unicode char U+00AB (decimal 171)
   defining Unicode char U+00BB (decimal 187)
   defining Unicode char U+00BF (decimal 191)
   defining Unicode char U+00C0 (decimal 192)
   defining Unicode char U+00C1 (decimal 193)
   defining Unicode char U+00C2 (decimal 194)
   defining Unicode char U+00C3 (decimal 195)
   defining Unicode char U+00C4 (decimal 196)
   defining Unicode char U+00C5 (decimal 197)
   defining Unicode char U+00C6 (decimal 198)
   defining Unicode char U+00C7 (decimal 199)
   defining Unicode char U+00C8 (decimal 200)
   defining Unicode char U+00C9 (decimal 201)
   defining Unicode char U+00CA (decimal 202)
   defining Unicode char U+00CB (decimal 203)
   defining Unicode char U+00CC (decimal 204)
   defining Unicode char U+00CD (decimal 205)
   defining Unicode char U+00CE (decimal 206)
   defining Unicode char U+00CF (decimal 207)
   defining Unicode char U+00D0 (decimal 208)
   defining Unicode char U+00D1 (decimal 209)
   defining Unicode char U+00D2 (decimal 210)
   defining Unicode char U+00D3 (decimal 211)
   defining Unicode char U+00D4 (decimal 212)
   defining Unicode char U+00D5 (decimal 213)
   defining Unicode char U+00D6 (decimal 214)
   defining Unicode char U+00D8 (decimal 216)
   defining Unicode char U+00D9 (decimal 217)
   defining Unicode char U+00DA (decimal 218)
   defining Unicode char U+00DB (decimal 219)
   defining Unicode char U+00DC (decimal 220)
   defining Unicode char U+00DD (decimal 221)
   defining Unicode char U+00DE (decimal 222)
   defining Unicode char U+00DF (decimal 223)
   defining Unicode char U+00E0 (decimal 224)
   defining Unicode char U+00E1 (decimal 225)
   defining Unicode char U+00E2 (decimal 226)
   defining Unicode char U+00E3 (decimal 227)
   defining Unicode char U+00E4 (decimal 228)
   defining Unicode char U+00E5 (decimal 229)
   defining Unicode char U+00E6 (decimal 230)
   defining Unicode char U+00E7 (decimal 231)
   defining Unicode char U+00E8 (decimal 232)
   defining Unicode char U+00E9 (decimal 233)
   defining Unicode char U+00EA (decimal 234)
   defining Unicode char U+00EB (decimal 235)
   defining Unicode char U+00EC (decimal 236)
   defining Unicode char U+00ED (decimal 237)
   defining Unicode char U+00EE (decimal 238)
   defining Unicode char U+00EF (decimal 239)
   defining Unicode char U+00F0 (decimal 240)
   defining Unicode char U+00F1 (decimal 241)
   defining Unicode char U+00F2 (decimal 242)
   defining Unicode char U+00F3 (decimal 243)
   defining Unicode char U+00F4 (decimal 244)
   defining Unicode char U+00F5 (decimal 245)
   defining Unicode char U+00F6 (decimal 246)
   defining Unicode char U+00F8 (decimal 248)
   defining Unicode char U+00F9 (decimal 249)
   defining Unicode char U+00FA (decimal 250)
   defining Unicode char U+00FB (decimal 251)
   defining Unicode char U+00FC (decimal 252)
   defining Unicode char U+00FD (decimal 253)
   defining Unicode char U+00FE (decimal 254)
   defining Unicode char U+00FF (decimal 255)
   defining Unicode char U+0102 (decimal 258)
   defining Unicode char U+0103 (decimal 259)
   defining Unicode char U+0104 (decimal 260)
   defining Unicode char U+0105 (decimal 261)
   defining Unicode char U+0106 (decimal 262)
   defining Unicode char U+0107 (decimal 263)
   defining Unicode char U+010C (decimal 268)
   defining Unicode char U+010D (decimal 269)
   defining Unicode char U+010E (decimal 270)
   defining Unicode char U+010F (decimal 271)
   defining Unicode char U+0110 (decimal 272)
   defining Unicode char U+0111 (decimal 273)
   defining Unicode char U+0118 (decimal 280)
   defining Unicode char U+0119 (decimal 281)
   defining Unicode char U+011A (decimal 282)
   defining Unicode char U+011B (decimal 283)
   defining Unicode char U+011E (decimal 286)
   defining Unicode char U+011F (decimal 287)
   defining Unicode char U+0130 (decimal 304)
   defining Unicode char U+0131 (decimal 305)
   defining Unicode char U+0132 (decimal 306)
   defining Unicode char U+0133 (decimal 307)
   defining Unicode char U+0139 (decimal 313)
   defining Unicode char U+013A (decimal 314)
   defining Unicode char U+013D (decimal 317)
   defining Unicode char U+013E (decimal 318)
   defining Unicode char U+0141 (decimal 321)
   defining Unicode char U+0142 (decimal 322)
   defining Unicode char U+0143 (decimal 323)
   defining Unicode char U+0144 (decimal 324)
   defining Unicode char U+0147 (decimal 327)
   defining Unicode char U+0148 (decimal 328)
   defining Unicode char U+014A (decimal 330)
   defining Unicode char U+014B (decimal 331)
   defining Unicode char U+0150 (decimal 336)
   defining Unicode char U+0151 (decimal 337)
   defining Unicode char U+0152 (decimal 338)
   defining Unicode char U+0153 (decimal 339)
   defining Unicode char U+0154 (decimal 340)
   defining Unicode char U+0155 (decimal 341)
   defining Unicode char U+0158 (decimal 344)
   defining Unicode char U+0159 (decimal 345)
   defining Unicode char U+015A (decimal 346)
   defining Unicode char U+015B (decimal 347)
   defining Unicode char U+015E (decimal 350)
   defining Unicode char U+015F (decimal 351)
   defining Unicode char U+0160 (decimal 352)
   defining Unicode char U+0161 (decimal 353)
   defining Unicode char U+0162 (decimal 354)
   defining Unicode char U+0163 (decimal 355)
   defining Unicode char U+0164 (decimal 356)
   defining Unicode char U+0165 (decimal 357)
   defining Unicode char U+016E (decimal 366)
   defining Unicode char U+016F (decimal 367)
   defining Unicode char U+0170 (decimal 368)
   defining Unicode char U+0171 (decimal 369)
   defining Unicode char U+0178 (decimal 376)
   defining Unicode char U+0179 (decimal 377)
   defining Unicode char U+017A (decimal 378)
   defining Unicode char U+017B (decimal 379)
   defining Unicode char U+017C (decimal 380)
   defining Unicode char U+017D (decimal 381)
   defining Unicode char U+017E (decimal 382)
   defining Unicode char U+200C (decimal 8204)
   defining Unicode char U+2013 (decimal 8211)
   defining Unicode char U+2014 (decimal 8212)
   defining Unicode char U+2018 (decimal 8216)
   defining Unicode char U+2019 (decimal 8217)
   defining Unicode char U+201A (decimal 8218)
   defining Unicode char U+201C (decimal 8220)
   defining Unicode char U+201D (decimal 8221)
   defining Unicode char U+201E (decimal 8222)
   defining Unicode char U+2030 (decimal 8240)
   defining Unicode char U+2031 (decimal 8241)
   defining Unicode char U+2039 (decimal 8249)
   defining Unicode char U+203A (decimal 8250)
   defining Unicode char U+2423 (decimal 9251)
)
Now handling font encoding OT1 ...
... processing UTF-8 mapping file for font encodingOT1

(/usr/share/texmf-texlive/tex/latex/base/ot1enc.dfu
File: ot1enc.dfu 2006/03/30 v1.1i UTF-8 support for inputenc
   defining Unicode char U+00A1 (decimal 161)
   defining Unicode char U+00A3 (decimal 163)
   defining Unicode char U+00B8 (decimal 184)
   defining Unicode char U+00BF (decimal 191)
   defining Unicode char U+00C5 (decimal 197)
   defining Unicode char U+00C6 (decimal 198)
   defining Unicode char U+00D8 (decimal 216)
   defining Unicode char U+00DF (decimal 223)
   defining Unicode char U+00E6 (decimal 230)
   defining Unicode char U+00EC (decimal 236)
   defining Unicode char U+00ED (decimal 237)
   defining Unicode char U+00EE (decimal 238)
   defining Unicode char U+00EF (decimal 239)
   defining Unicode char U+00F8 (decimal 248)
   defining Unicode char U+0131 (decimal 305)
   defining Unicode char U+0141 (decimal 321)
   defining Unicode char U+0142 (decimal 322)
   defining Unicode char U+0152 (decimal 338)
   defining Unicode char U+0153 (decimal 339)
   defining Unicode char U+2013 (decimal 8211)
   defining Unicode char U+2014 (decimal 8212)
   defining Unicode char U+2018 (decimal 8216)
   defining Unicode char U+2019 (decimal 8217)
   defining Unicode char U+201C (decimal 8220)
   defining Unicode char U+201D (decimal 8221)
)
Now handling font encoding OMS ...
... processing UTF-8 mapping file for font encodingOMS

(/usr/share/texmf-texlive/tex/latex/base/omsenc.dfu
File: omsenc.dfu 2006/03/30 v1.1i UTF-8 support for inputenc
   defining Unicode char U+00A7 (decimal 167)
   defining Unicode char U+00B6 (decimal 182)
   defining Unicode char U+00B7 (decimal 183)
   defining Unicode char U+2020 (decimal 8224)
   defining Unicode char U+2021 (decimal 8225)
   defining Unicode char U+2022 (decimal 8226)
)
Now handling font encoding OMX ...
... no UTF-8 mapping file for font encoding OMX
Now handling font encoding U ...
... no UTF-8 mapping file for font encoding U
Now handling font encoding TS1 ...
... processing UTF-8 mapping file for font encodingTS1

(/usr/share/texmf-texlive/tex/latex/base/ts1enc.dfu
File: ts1enc.dfu 2006/03/30 v1.1i UTF-8 support for inputenc
   defining Unicode char U+00A2 (decimal 162)
   defining Unicode char U+00A3 (decimal 163)
   defining Unicode char U+00A4 (decimal 164)
   defining Unicode char U+00A5 (decimal 165)
   defining Unicode char U+00A6 (decimal 166)
   defining Unicode char U+00A7 (decimal 167)
   defining Unicode char U+00A8 (decimal 168)
   defining Unicode char U+00A9 (decimal 169)
   defining Unicode char U+00AA (decimal 170)
   defining Unicode char U+00AC (decimal 172)
   defining Unicode char U+00AE (decimal 174)
   defining Unicode char U+00AF (decimal 175)
   defining Unicode char U+00B0 (decimal 176)
   defining Unicode char U+00B1 (decimal 177)
   defining Unicode char U+00B2 (decimal 178)
   defining Unicode char U+00B3 (decimal 179)
   defining Unicode char U+00B4 (decimal 180)
   defining Unicode char U+00B5 (decimal 181)
   defining Unicode char U+00B6 (decimal 182)
   defining Unicode char U+00B7 (decimal 183)
   defining Unicode char U+00B9 (decimal 185)
   defining Unicode char U+00BA (decimal 186)
   defining Unicode char U+00BC (decimal 188)
   defining Unicode char U+00BD (decimal 189)
   defining Unicode char U+00BE (decimal 190)
   defining Unicode char U+00D7 (decimal 215)
   defining Unicode char U+00F7 (decimal 247)
   defining Unicode char U+0192 (decimal 402)
   defining Unicode char U+02C7 (decimal 711)
   defining Unicode char U+02D8 (decimal 728)
   defining Unicode char U+02DD (decimal 733)
   defining Unicode char U+0E3F (decimal 3647)
   defining Unicode char U+2016 (decimal 8214)
   defining Unicode char U+2020 (decimal 8224)
   defining Unicode char U+2021 (decimal 8225)
   defining Unicode char U+2022 (decimal 8226)
   defining Unicode char U+2030 (decimal 8240)
   defining Unicode char U+2031 (decimal 8241)
   defining Unicode char U+203B (decimal 8251)
   defining Unicode char U+203D (decimal 8253)
   defining Unicode char U+2044 (decimal 8260)
   defining Unicode char U+204E (decimal 8270)
   defining Unicode char U+2052 (decimal 8274)
   defining Unicode char U+20A1 (decimal 8353)
   defining Unicode char U+20A4 (decimal 8356)
   defining Unicode char U+20A6 (decimal 8358)
   defining Unicode char U+20A9 (decimal 8361)
   defining Unicode char U+20AB (decimal 8363)
   defining Unicode char U+20AC (decimal 8364)
   defining Unicode char U+20B1 (decimal 8369)
   defining Unicode char U+2103 (decimal 8451)
   defining Unicode char U+2116 (decimal 8470)
   defining Unicode char U+2117 (decimal 8471)
   defining Unicode char U+211E (decimal 8478)
   defining Unicode char U+2120 (decimal 8480)
   defining Unicode char U+2122 (decimal 8482)
   defining Unicode char U+2126 (decimal 8486)
   defining Unicode char U+2127 (decimal 8487)
   defining Unicode char U+212E (decimal 8494)
   defining Unicode char U+2190 (decimal 8592)
   defining Unicode char U+2191 (decimal 8593)
   defining Unicode char U+2192 (decimal 8594)
   defining Unicode char U+2193 (decimal 8595)
   defining Unicode char U+2329 (decimal 9001)
   defining Unicode char U+232A (decimal 9002)
   defining Unicode char U+2422 (decimal 9250)
   defining Unicode char U+25E6 (decimal 9702)
   defining Unicode char U+25EF (decimal 9711)
   defining Unicode char U+266A (decimal 9834)
)
   defining Unicode char U+00A9 (decimal 169)
   defining Unicode char U+00AA (decimal 170)
   defining Unicode char U+00AE (decimal 174)
   defining Unicode char U+00BA (decimal 186)
   defining Unicode char U+02C6 (decimal 710)
   defining Unicode char U+02DC (decimal 732)
   defining Unicode char U+200C (decimal 8204)
   defining Unicode char U+2026 (decimal 8230)
   defining Unicode char U+2122 (decimal 8482)
   defining Unicode char U+2423 (decimal 9251)
))
(/usr/share/texmf-texlive/tex/generic/babel/babel.sty
Package: babel 2005/11/23 v3.8h The Babel package

(/usr/share/texmf-texlive/tex/generic/babel/frenchb.ldf
Language: french 2005/02/06 v1.6g French support from the babel system

(/usr/share/texmf-texlive/tex/generic/babel/babel.def
File: babel.def 2005/11/23 v3.8h Babel common definitions
\babel@savecnt=\count97
\U@D=\dimen113
)
Package babel Info: Making : an active character on input line 219.
Package babel Info: Making ; an active character on input line 220.
Package babel Info: Making ! an active character on input line 221.
Package babel Info: Making ? an active character on input line 222.
LaTeX Font Info:    Redeclaring font encoding T1 on input line 299.
\parindentFFN=\dimen114
\std@mcc=\count98
\dec@mcc=\count99

*************************************
* Local config file frenchb.cfg used
*
(/usr/share/texmf-texlive/tex/generic/babel/frenchb.cfg))) (./doxygen.sty
Package: doxygen 

(/usr/share/texmf-texlive/tex/latex/tools/calc.sty
Package: calc 2005/08/06 v4.2 Infix arithmetic (KKT,FJ)
\calc@Acount=\count100
\calc@Bcount=\count101
\calc@Adimen=\dimen115
\calc@Bdimen=\dimen116
\calc@Askip=\skip54
\calc@Bskip=\skip55
LaTeX Info: Redefining \setlength on input line 75.
LaTeX Info: Redefining \addtolength on input line 76.
\calc@Ccount=\count102
\calc@Cskip=\skip56
)
(/usr/share/texmf-texlive/tex/latex/tools/array.sty
Package: array 2005/08/23 v2.4b Tabular extension package (FMi)
\col@sep=\dimen117
\extrarowheight=\dimen118
\NC@list=\toks19
\extratabsurround=\skip57
\backup@length=\skip58
)
\tmplength=\skip59
)
(/usr/share/texmf-texlive/tex/latex/base/fontenc.sty
Package: fontenc 2005/09/27 v1.99g Standard LaTeX package

(/usr/share/texmf-texlive/tex/latex/base/t1enc.def
File: t1enc.def 2005/09/27 v1.99g Standard LaTeX file
LaTeX Font Info:    Redeclaring font encoding T1 on input line 43.
))
\@indexfile=\write3
\openout3 = `refman.idx'.


Writing index file refman.idx
(./refman.aux (./struct__CidMainContainer.aux) (./structdata.aux)
(./structFileSettings.aux) (./cid-amarok_8h.aux) (./cid-amazon_8c.aux)
(./cid-amazon_8h.aux) (./cid-callbacks_8c.aux) (./cid-callbacks_8h.aux)
(./cid-conf-panel-factory_8c.aux) (./cid-conf-panel-factory_8h.aux)
(./cid-config_8c.aux) (./cid-config_8h.aux) (./cid-dbus_8c.aux)
(./cid-dbus_8h.aux) (./cid-main_8c.aux) (./cid-main_8h.aux)
(./cid-menu-factory_8c.aux) (./cid-menu-factory_8h.aux) (./cid-messages_8c.aux)
(./cid-messages_8h.aux) (./cid-rhythmbox_8c.aux) (./cid-rhythmbox_8h.aux)
(./cid-struct_8h.aux) (./cid-utilities_8c.aux) (./cid-utilities_8h.aux)
(./cid_8c.aux) (./cid_8h.aux))
\openout1 = `refman.aux'.

LaTeX Font Info:    Checking defaults for OML/cmm/m/it on input line 17.
LaTeX Font Info:    ... okay on input line 17.
LaTeX Font Info:    Checking defaults for T1/lmr/m/n on input line 17.
LaTeX Font Info:    Try loading font information for T1+lmr on input line 17.
 (/usr/share/texmf/tex/latex/lm/t1lmr.fd
File: t1lmr.fd 2007/01/14 v1.3 Font defs for Latin Modern
)
LaTeX Font Info:    ... okay on input line 17.
LaTeX Font Info:    Checking defaults for OT1/cmr/m/n on input line 17.
LaTeX Font Info:    ... okay on input line 17.
LaTeX Font Info:    Checking defaults for OMS/cmsy/m/n on input line 17.
LaTeX Font Info:    ... okay on input line 17.
LaTeX Font Info:    Checking defaults for OMX/cmex/m/n on input line 17.
LaTeX Font Info:    ... okay on input line 17.
LaTeX Font Info:    Checking defaults for U/cmr/m/n on input line 17.
LaTeX Font Info:    ... okay on input line 17.
LaTeX Font Info:    Checking defaults for TS1/cmr/m/n on input line 17.
LaTeX Font Info:    Try loading font information for TS1+cmr on input line 17.

(/usr/share/texmf-texlive/tex/latex/base/ts1cmr.fd
File: ts1cmr.fd 1999/05/25 v2.5h Standard LaTeX font definitions
)
LaTeX Font Info:    ... okay on input line 17.
LaTeX Info: Redefining \dots on input line 17.
 [1


] [2

] (./refman.toc
LaTeX Font Info:    External font `cmex10' loaded for size
(Font)              <7> on input line 3.
LaTeX Font Info:    External font `cmex10' loaded for size
(Font)              <5> on input line 3.

[1

])
\tf@toc=\write4
\openout4 = `refman.toc'.



Package Fancyhdr Warning: \headheight is too small (12.0pt): 
 Make it at least 12.36252pt.
 We now make it that large for the rest of the document.
 This may cause the page layout to be inconsistent, however.

[2]
Chapitre 1.
(./annotated.tex) [1


] [2

]
Chapitre 2.
(./files.tex) [3] [4

]
Chapitre 3.
(./struct__CidLabelDescription.tex [5]) [6]
\openout2 = `struct__CidMainContainer.aux'.

 (./struct__CidMainContainer.tex
Underfull \vbox (badness 10000) has occurred while \output is active []

 [7

]
Overfull \vbox (305.74146pt too high) has occurred while \output is active []


[8]) [9]
\openout2 = `structdata.aux'.

 (./structdata.tex [10


]) [11]
\openout2 = `structFileSettings.aux'.

 (./structFileSettings.tex [12


]) [13]
[14


]
Chapitre 4.
(./cid-amarok_8c.tex
Underfull \hbox (badness 3623) in paragraph at lines 41--42
[]\T1/cmr/m/n/10 Références cid_-display_-image(), cid_-info, cid_-warning, DEF
AULT_-IMAGE, mu-sic-Data,
 []


Underfull \vbox (badness 1596) has occurred while \output is active []

 [15]
Underfull \hbox (badness 1931) in paragraph at lines 124--126
[]\T1/cmr/m/n/10 Référencé par cid_-amarok_-cover(), cid_-connect_-to_-amarok()
, et cid_-disconnect_-from_-
 []

) [16] [17]
\openout2 = `cid-amarok_8h.aux'.

 (./cid-amarok_8h.tex) [18

]
\openout2 = `cid-amazon_8c.aux'.

 (./cid-amazon_8c.tex) [19


]
\openout2 = `cid-amazon_8h.aux'.


(./cid-amazon_8h.tex
Overfull \hbox (173.79668pt too wide) in paragraph at lines 8--10
[]\T1/cmr/m/n/10 #define \T1/cmr/bx/n/10 AMAZON_-API_-URL_-1 \T1/cmr/m/n/10 "ht
tp ://ecs.amazonaws.com/onca/xml?Service=AWSECommerceService&AWSAccessKeyId=" 
 []


Underfull \hbox (badness 10000) in paragraph at lines 10--12
[]\T1/cmr/m/n/10 #define \T1/cmr/bx/n/10 AMAZON_-API_-URL_-2 \T1/cmr/m/n/10 "&A
ssociateTag=webservices-
 []


Overfull \hbox (70.4191pt too wide) in paragraph at lines 10--12
\T1/cmr/m/n/10 20&ResponseGroup=Images,ItemAttributes&Operation=ItemSearch&Item
Search.Shared.SearchIndex=Music" 
 []


Overfull \hbox (111.75366pt too wide) in paragraph at lines 34--34
\T1/cmr/bx/n/10 1 "http ://ecs.amazonaws.com/onca/xml?Service=AWSECommerceServi
ce&AWSAccessKeyId="  
 []


Overfull \hbox (181.34218pt too wide) in paragraph at lines 39--39
\T1/cmr/bx/n/10 20&ResponseGroup=Images,ItemAttributes&Operation=ItemSearch&Ite
mSearch.Shared.SearchIndex=Music"  
 []

) [20


]
\openout2 = `cid-callbacks_8c.aux'.

 (./cid-callbacks_8c.tex
Underfull \hbox (badness 10000) in paragraph at lines 46--48
[]\T1/cmr/m/n/10 void \T1/cmr/bx/n/10 _-cid_-show_-image_-preview \T1/cmr/m/n/1
0 (Gtk-Fi-le-Choo-ser $\OMS/cmsy/m/n/10 ^^C$\T1/cmr/m/n/10 pFileChooser, Gt-kI-
mage
 []

[21


]
Underfull \hbox (badness 3557) in paragraph at lines 105--106
[]\T1/cmr/m/n/10 Références CID_-EXIT_-SUCCESS, cid_-save_-data(), cid_-sortie(
), et rhythmbox_-dbus_-
 []


Underfull \hbox (badness 10000) in paragraph at lines 119--120
[]\T1/cmr/m/n/10 Références _-next_-amarok(), _-next_-rhythmbox(), _-playPause_
-amarok(), _-playPause_-
 []


Underfull \hbox (badness 3907) in paragraph at lines 119--120
\T1/cmr/m/n/10 rhythmbox(), cid, cid_-build_-menu(), cid_-info, PLAYER_-AMAROK_
-1, et PLAYER_-
 []

[22]
Underfull \hbox (badness 2600) in paragraph at lines 198--199
[]\T1/cmr/m/n/10 Références cid_-config_-panel_-destroyed(), cid_-free_-generat
ed_-widget_-list(), cid_-update_-
 []

[23]
Underfull \hbox (badness 2261) in paragraph at lines 293--294
[]\T1/cmr/m/n/10 Références _-cid_-decrease_-order_-if_-greater(), CID_-MODEL_-
NAME, et CID_-MODEL_-
 []

[24] [25]) [26]
\openout2 = `cid-callbacks_8h.aux'.

 (./cid-callbacks_8h.tex
Underfull \hbox (badness 3557) in paragraph at lines 75--76
[]\T1/cmr/m/n/10 Références CID_-EXIT_-SUCCESS, cid_-save_-data(), cid_-sortie(
), et rhythmbox_-dbus_-
 []

[27


]
Underfull \hbox (badness 10000) in paragraph at lines 103--104
[]\T1/cmr/m/n/10 Références _-next_-amarok(), _-next_-rhythmbox(), _-playPause_
-amarok(), _-playPause_-
 []


Underfull \hbox (badness 3907) in paragraph at lines 103--104
\T1/cmr/m/n/10 rhythmbox(), cid, cid_-build_-menu(), cid_-info, PLAYER_-AMAROK_
-1, et PLAYER_-
 []

[28]
Underfull \hbox (badness 2600) in paragraph at lines 157--158
[]\T1/cmr/m/n/10 Références cid_-config_-panel_-destroyed(), cid_-free_-generat
ed_-widget_-list(), cid_-update_-
 []

[29]
Underfull \hbox (badness 2261) in paragraph at lines 241--242
[]\T1/cmr/m/n/10 Références _-cid_-decrease_-order_-if_-greater(), CID_-MODEL_-
NAME, et CID_-MODEL_-
 []

[30]) [31]
\openout2 = `cid-conf-panel-factory_8c.aux'.

 (./cid-conf-panel-factory_8c.tex
Underfull \hbox (badness 1215) in paragraph at lines 8--9
[]\T1/cmr/m/n/10 #define \T1/cmr/bx/n/10 _-allocate_-new_-model \T1/cmr/m/n/10 
mo-dele = gtk_-list_-store_-new (CID_-MODEL_-NB_-
 []


Underfull \hbox (badness 3354) in paragraph at lines 15--17
\T1/cmr/m/n/10 const gchar $\OMS/cmsy/m/n/10 ^^C$\T1/cmr/m/n/10 cTitle, int iWi
n-dow-Width, int iWin-dow-Height, gchar iI-den-ti-fier, gchar
 []


Underfull \hbox (badness 6220) in paragraph at lines 17--19
[]\T1/cmr/m/n/10 gboolean \T1/cmr/bx/n/10 cid_-edit_-conf_-file_-core \T1/cmr/m
/n/10 (Gtk-Win-dow $\OMS/cmsy/m/n/10 ^^C$\T1/cmr/m/n/10 pWindow, gchar $\OMS/cm
sy/m/n/10 ^^C$\T1/cmr/m/n/10 cConfFilePath,
 []


Underfull \hbox (badness 3354) in paragraph at lines 17--19
\T1/cmr/m/n/10 const gchar $\OMS/cmsy/m/n/10 ^^C$\T1/cmr/m/n/10 cTitle, int iWi
n-dow-Width, int iWin-dow-Height, gchar iI-den-ti-fier, gchar
 []

LaTeX Font Info:    Try loading font information for T1+cmtt on input line 33.
(/usr/share/texmf-texlive/tex/latex/base/t1cmtt.fd
File: t1cmtt.fd 1999/05/25 v2.5h Standard LaTeX font definitions
) [32


]
Underfull \hbox (badness 2293) in paragraph at lines 92--93
\T1/cmr/m/n/10 sound(), _-cid_-remove(), _-cid_-select_-one_-item_-in_-combo(),
 _-cid_-select_-one_-item_-in_-
 []


Underfull \hbox (badness 5652) in paragraph at lines 92--93
\T1/cmr/m/n/10 tree(), _-cid_-set_-color(), _-cid_-set_-font(), cid_-config_-pa
nel_-created(), CID_-MODEL_-
 []


Underfull \hbox (badness 6625) in paragraph at lines 92--93
\T1/cmr/m/n/10 ACTIVE, CID_-MODEL_-DESCRIPTION_-FILE, CID_-MODEL_-ICON, CID_-MO
DEL_-
 []

) [33]
\openout2 = `cid-conf-panel-factory_8h.aux'.

 (./cid-conf-panel-factory_8h.tex
Underfull \hbox (badness 10000) in paragraph at lines 7--11
[]\T1/cmr/bx/n/10 CID_-MODEL_-NAME \T1/cmr/m/n/10 = 0, \T1/cmr/bx/n/10 CID_-MOD
EL_-RESULT\T1/cmr/m/n/10 , \T1/cmr/bx/n/10 CID_-MODEL_-
 []


Underfull \hbox (badness 3354) in paragraph at lines 23--25
\T1/cmr/m/n/10 const gchar $\OMS/cmsy/m/n/10 ^^C$\T1/cmr/m/n/10 cTitle, int iWi
n-dow-Width, int iWin-dow-Height, gchar iI-den-ti-fier, gchar
 []


Underfull \hbox (badness 6220) in paragraph at lines 25--27
[]\T1/cmr/m/n/10 gboolean \T1/cmr/bx/n/10 cid_-edit_-conf_-file_-core \T1/cmr/m
/n/10 (Gtk-Win-dow $\OMS/cmsy/m/n/10 ^^C$\T1/cmr/m/n/10 pWindow, gchar $\OMS/cm
sy/m/n/10 ^^C$\T1/cmr/m/n/10 cConfFilePath,
 []


Underfull \hbox (badness 3354) in paragraph at lines 25--27
\T1/cmr/m/n/10 const gchar $\OMS/cmsy/m/n/10 ^^C$\T1/cmr/m/n/10 cTitle, int iWi
n-dow-Width, int iWin-dow-Height, gchar iI-den-ti-fier, gchar
 []

[34


]
Underfull \hbox (badness 2293) in paragraph at lines 96--97
\T1/cmr/m/n/10 sound(), _-cid_-remove(), _-cid_-select_-one_-item_-in_-combo(),
 _-cid_-select_-one_-item_-in_-
 []


Underfull \hbox (badness 5652) in paragraph at lines 96--97
\T1/cmr/m/n/10 tree(), _-cid_-set_-color(), _-cid_-set_-font(), cid_-config_-pa
nel_-created(), CID_-MODEL_-
 []


Underfull \hbox (badness 6625) in paragraph at lines 96--97
\T1/cmr/m/n/10 ACTIVE, CID_-MODEL_-DESCRIPTION_-FILE, CID_-MODEL_-ICON, CID_-MO
DEL_-
 []

) [35]
\openout2 = `cid-config_8c.aux'.

 (./cid-config_8c.tex [36


]
Underfull \hbox (badness 1194) in paragraph at lines 105--106
[]\T1/cmr/m/n/10 Références cid, cid_-check_-conf_-file_-version(), cid_-check_
-file(), cid_-free_-conf(), cid_-info,
 []

[37]) [38]
\openout2 = `cid-config_8h.aux'.

 (./cid-config_8h.tex
Underfull \hbox (badness 1194) in paragraph at lines 58--59
[]\T1/cmr/m/n/10 Références cid, cid_-check_-conf_-file_-version(), cid_-check_
-file(), cid_-free_-conf(), cid_-info,
 []

[39


] [40]) [41]
\openout2 = `cid-dbus_8c.aux'.

 (./cid-dbus_8c.tex [42


] [43] [44]) [45]
\openout2 = `cid-dbus_8h.aux'.

 (./cid-dbus_8h.tex
[46


] [47] [48]) [49]
\openout2 = `cid-main_8c.aux'.

 (./cid-main_8c.tex
Underfull \hbox (badness 7081) in paragraph at lines 34--36
[]\T1/cmr/m/n/10 void \T1/cmr/bx/n/10 cid_-draw_-window \T1/cmr/m/n/10 (Gtk-Wid
-get $\OMS/cmsy/m/n/10 ^^C$\T1/cmr/m/n/10 pWidget, Gd-kE-ven-tEx-pose $\OMS/cms
y/m/n/10 ^^C$\T1/cmr/m/n/10 event, gpoin-ter
 []


Underfull \hbox (badness 10000) in paragraph at lines 38--40
[]\T1/cmr/m/n/10 cairo_-surface_-t $\OMS/cmsy/m/n/10 ^^C$ \T1/cmr/bx/n/10 cid_-
create_-surface_-from_-text_-full \T1/cmr/m/n/10 (gchar $\OMS/cmsy/m/n/10 ^^C$\
T1/cmr/m/n/10 cText, cairo_-
 []


Underfull \hbox (badness 3989) in paragraph at lines 38--40
\T1/cmr/m/n/10 t $\OMS/cmsy/m/n/10 ^^C$\T1/cmr/m/n/10 pSourceContext, \T1/cmr/b
x/n/10 Cid-La-bel-Des-crip-tion $\OMS/cmsy/m/n/10 ^^C$\T1/cmr/m/n/10 pLabelDesc
ription, double fMaxS-cale, int
 []


Underfull \hbox (badness 1383) in paragraph at lines 68--70
\T1/cmr/m/n/10 cid_-run_-with_-player(), get_-amarock_-musicData(), on-Chan-ge-
Song(), et on-Co-ver-tArt-Chan-
 []

[50


] [51]
Underfull \hbox (badness 2846) in paragraph at lines 164--165
[]\T1/cmr/m/n/10 Références cid, cid_-focus_-in(), CID_-FOCUS_-IN, cid_-focus_-
out(), CID_-FOCUS_-OUT,
 []

[52]) [53]
\openout2 = `cid-main_8h.aux'.

 (./cid-main_8h.tex
Underfull \hbox (badness 1383) in paragraph at lines 49--51
\T1/cmr/m/n/10 cid_-run_-with_-player(), get_-amarock_-musicData(), on-Chan-ge-
Song(), et on-Co-ver-tArt-Chan-
 []

[54


] [55]
Underfull \hbox (badness 2846) in paragraph at lines 174--175
[]\T1/cmr/m/n/10 Références cid, cid_-focus_-in(), CID_-FOCUS_-IN, cid_-focus_-
out(), CID_-FOCUS_-OUT,
 []

) [56]
\openout2 = `cid-menu-factory_8c.aux'.

 (./cid-menu-factory_8c.tex
Underfull \hbox (badness 10000) in paragraph at lines 23--24
\T1/cmr/m/n/10 cid_-build_-amarok_-menu(), cid_-build_-rhythmbox_-menu(), PLAYE
R_-AMAROK_-1, et
 []

) [57


]
\openout2 = `cid-menu-factory_8h.aux'.

 (./cid-menu-factory_8h.tex
Underfull \hbox (badness 2351) in paragraph at lines 25--27
[]\T1/cmr/m/n/10 Référencé par cid_-build_-amarok_-menu(), cid_-build_-menu(), 
et cid_-build_-rhythmbox_-
 []


Underfull \hbox (badness 10000) in paragraph at lines 61--62
\T1/cmr/m/n/10 cid_-build_-amarok_-menu(), cid_-build_-rhythmbox_-menu(), PLAYE
R_-AMAROK_-1, et
 []

[58


]) [59]
\openout2 = `cid-messages_8c.aux'.

 (./cid-messages_8c.tex [60


]) [61]
\openout2 = `cid-messages_8h.aux'.

 (./cid-messages_8h.tex
Underfull \hbox (badness 3098) in paragraph at lines 6--8
[]\T1/cmr/m/n/10 #define \T1/cmr/bx/n/10 cid_-error\T1/cmr/m/n/10 (...) cid_-lo
g_-location(G_-LOG_-LEVEL_-ERROR, _-_-FILE_-_-, _-_-
 []


Underfull \hbox (badness 1259) in paragraph at lines 12--14
[]\T1/cmr/m/n/10 #define \T1/cmr/bx/n/10 cid_-debug\T1/cmr/m/n/10 (...) cid_-lo
g_-location(G_-LOG_-LEVEL_-DEBUG, _-_-FILE_-_-, _-_-
 []


Underfull \hbox (badness 10000) in paragraph at lines 14--15
[]\T1/cmr/m/n/10 #define \T1/cmr/bx/n/10 cid_-info\T1/cmr/m/n/10 (...) cid_-log
_-location(G_-LOG_-LEVEL_-INFO, _-_-FILE_-_-, _-_-
 []


Underfull \hbox (badness 6428) in paragraph at lines 49--51
[]\T1/cmr/m/n/10 Référencé par _-cid_-selection_-changed(), _-cid_-set_-verbosi
ty(), _-cid_-user_-action_-on_-
 []


Underfull \hbox (badness 6708) in paragraph at lines 49--51
\T1/cmr/m/n/10 cid_-launch_-command_-full(), cid_-launch_-web_-browser(), cid_-
play_-sound(), cid_-write_-
 []


Underfull \hbox (badness 10000) in paragraph at lines 63--65
\T1/cmr/m/n/10 cid_-display_-image(), cid_-get_-image(), cid_-get_-image_-from_
-pixbuf(), cid_-launch_-
 []


Underfull \hbox (badness 10000) in paragraph at lines 63--65
\T1/cmr/m/n/10 command_-full(), cid_-launch_-web_-browser(), cid_-play_-sound()
, cid_-run_-with_-player(),
 []

[62


] [63]) [64]
\openout2 = `cid-rhythmbox_8c.aux'.

 (./cid-rhythmbox_8c.tex
Underfull \hbox (badness 6332) in paragraph at lines 48--49
[]\T1/cmr/m/n/10 Références dbus_-detect_-rhythmbox(), DEFAULT_-IMAGE, get-Son-
gIn-fos(), rhythmbox_-
 []


Underfull \hbox (badness 2573) in paragraph at lines 59--60
[]\T1/cmr/m/n/10 Références create_-new_-session_-proxy(), dbus_-is_-enabled(),
 on-Chan-ge-Song(), on-Chan-geS-
 []

[65


]
Underfull \hbox (badness 7064) in paragraph at lines 124--125
[]\T1/cmr/m/n/10 Références cid_-animation(), cid_-display_-image(), cid_-messa
ge, cid_-rhythmbox_-cover(),
 []

[66] [67]) [68]
\openout2 = `cid-rhythmbox_8h.aux'.

 (./cid-rhythmbox_8h.tex
Underfull \hbox (badness 6332) in paragraph at lines 42--43
[]\T1/cmr/m/n/10 Références dbus_-detect_-rhythmbox(), DEFAULT_-IMAGE, get-Son-
gIn-fos(), rhythmbox_-
 []


Underfull \hbox (badness 2573) in paragraph at lines 53--54
[]\T1/cmr/m/n/10 Références create_-new_-session_-proxy(), dbus_-is_-enabled(),
 on-Chan-ge-Song(), on-Chan-geS-
 []

[69


]
Underfull \hbox (badness 7064) in paragraph at lines 118--119
[]\T1/cmr/m/n/10 Références cid_-animation(), cid_-display_-image(), cid_-messa
ge, cid_-rhythmbox_-cover(),
 []

[70]) [71]
\openout2 = `cid-struct_8h.aux'.

 (./cid-struct_8h.tex
Underfull \hbox (badness 7012) in paragraph at lines 41--45
[]\T1/cmr/bx/n/10 CID_-EXIT_-SUCCESS \T1/cmr/m/n/10 = EXIT_-SUCCESS, \T1/cmr/bx
/n/10 CID_-ERROR_-READING_-FILE\T1/cmr/m/n/10 ,
 []


Underfull \vbox (badness 10000) has occurred while \output is active []

 [72


])
[73] [74]
\openout2 = `cid-utilities_8c.aux'.

 (./cid-utilities_8c.tex
Underfull \hbox (badness 10000) in paragraph at lines 22--23
[]\T1/cmr/m/n/10 gboolean \T1/cmr/bx/n/10 cid_-launch_-command_-full \T1/cmr/m/
n/10 (const gchar $\OMS/cmsy/m/n/10 ^^C$\T1/cmr/m/n/10 cCommandFormat, gchar
 []

[75


] [76]) [77]
\openout2 = `cid-utilities_8h.aux'.

 (./cid-utilities_8h.tex
Underfull \hbox (badness 10000) in paragraph at lines 10--11
[]\T1/cmr/m/n/10 #define \T1/cmr/bx/n/10 cid_-launch_-command\T1/cmr/m/n/10 (cC
ommand,...) cid_-launch_-command_-full(cCommand,
 []


Underfull \hbox (badness 10000) in paragraph at lines 15--17
[]\T1/cmr/m/n/10 gboolean \T1/cmr/bx/n/10 cid_-launch_-command_-full \T1/cmr/m/
n/10 (const gchar $\OMS/cmsy/m/n/10 ^^C$\T1/cmr/m/n/10 cCommandFormat, gchar
 []

[78


] [79]) [80]
\openout2 = `cid_8c.aux'.

 (./cid_8c.tex) [81


]
\openout2 = `cid_8h.aux'.

 (./cid_8h.tex
Underfull \hbox (badness 10000) in paragraph at lines 39--40
[]\T1/cmr/m/n/10 Référencé par cid_-amarok_-cover(), cid_-connect_-to_-amarok()
, cid_-display_-image(),
 []


Underfull \hbox (badness 7221) in paragraph at lines 39--40
\T1/cmr/m/n/10 cid_-merge_-config(), cid_-read_-parameters(), cid_-rhythmbox_-c
over(), et get_-amarock_-
 []

)
Underfull \hbox (badness 10000) in paragraph at lines 75--67
\T1/cmr/m/n/10 check_-conf_-file_-version(), cid_-check_-file(), cid_-create_-m
ain_-window(), cid_-display_-
 []


Underfull \hbox (badness 10000) in paragraph at lines 75--67
\T1/cmr/m/n/10 out(), cid_-get_-data(), cid_-merge_-config(), cid_-player_-eval
uation(), cid_-read_-config(),
 []

[82


] [83] (./refman.ind [84


] [85] [86]
Underfull \hbox (badness 10000) in paragraph at lines 321--322
[]| \T1/cmr/m/n/10 CID_-MODEL_-DESCRIPTION_-FILE,
 []

[87]
Underfull \hbox (badness 10000) in paragraph at lines 423--425
[]| \T1/cmr/m/n/10 CID_-ADD_-IN_-MENU_-WITH_-
 []


Underfull \hbox (badness 10000) in paragraph at lines 458--459
[]| \T1/cmr/m/n/10 rhythmbox_-dbus_-disconnect_-from_-bus,
 []


Underfull \hbox (badness 10000) in paragraph at lines 471--472
[]| \T1/cmr/m/n/10 rhythmbox_-dbus_-disconnect_-from_-bus,
 []

[88]
Underfull \hbox (badness 10000) in paragraph at lines 531--532
[]\T1/cmr/m/n/10 CID_-ADD_-IN_-MENU_-WITH_-STOCK_-
 []

[89] [90] [91] [92] [93]) (./refman.aux (./struct__CidMainContainer.aux)
(./structdata.aux) (./structFileSettings.aux) (./cid-amarok_8h.aux)
(./cid-amazon_8c.aux) (./cid-amazon_8h.aux) (./cid-callbacks_8c.aux)
(./cid-callbacks_8h.aux) (./cid-conf-panel-factory_8c.aux)
(./cid-conf-panel-factory_8h.aux) (./cid-config_8c.aux) (./cid-config_8h.aux)
(./cid-dbus_8c.aux) (./cid-dbus_8h.aux) (./cid-main_8c.aux) (./cid-main_8h.aux)
(./cid-menu-factory_8c.aux) (./cid-menu-factory_8h.aux) (./cid-messages_8c.aux)
(./cid-messages_8h.aux) (./cid-rhythmbox_8c.aux) (./cid-rhythmbox_8h.aux)
(./cid-struct_8h.aux) (./cid-utilities_8c.aux) (./cid-utilities_8h.aux)
(./cid_8c.aux) (./cid_8h.aux)) ) 
Here is how much of TeX's memory you used:
 3165 strings out of 95064
 55150 string characters out of 1182633
 102520 words of memory out of 1500000
 6107 multiletter control sequences out of 10000+50000
 14682 words of font info for 29 fonts, out of 1200000 for 2000
 28 hyphenation exceptions out of 8191
 34i,11n,43p,901b,427s stack positions out of 5000i,500n,6000p,200000b,5000s

Output written on refman.dvi (97 pages, 220936 bytes).
